<?xml version="1.0" encoding="UTF-8"?>
<!-- Generated by org.testng.reporters.JUnitReportReporter -->
<testsuite name="com.gitexam.demomercury" tests="1" time="0.000" ignored="0" failures="0" timestamp="24 Apr 2020 09:28:00 GMT" skipped="0" hostname="LAPTOP" errors="0">
  <testcase name="loginTest" time="0.000" classname="com.gitexam.demomercury"/>
</testsuite> <!-- com.gitexam.demomercury -->
